<?xml version="1.0" encoding="UTF-8"?>
<testng-results ignored="0" total="2" passed="2" failed="0" skipped="0">
  <reporter-output>
  </reporter-output>
  <suite started-at="2025-01-03T23:34:40 IST" name="Default suite" finished-at="2025-01-03T23:34:46 IST" duration-ms="6302">
    <groups>
    </groups>
    <test started-at="2025-01-03T23:34:40 IST" name="Default test" finished-at="2025-01-03T23:34:46 IST" duration-ms="6302">
      <class name="testCases.TestCases">
        <test-method is-config="true" signature="setUp()[pri:0, instance:testCases.TestCases@1c1bbc4e]" started-at="2025-01-03T23:34:40 IST" name="setUp" finished-at="2025-01-03T23:34:46 IST" duration-ms="5537" status="PASS">
          <reporter-output>
          </reporter-output>
        </test-method> <!-- setUp -->
        <test-method signature="validateTransactionHeading()[pri:1, instance:testCases.TestCases@1c1bbc4e]" started-at="2025-01-03T23:34:46 IST" name="validateTransactionHeading" finished-at="2025-01-03T23:34:46 IST" duration-ms="43" status="PASS">
          <reporter-output>
          </reporter-output>
        </test-method> <!-- validateTransactionHeading -->
        <test-method signature="printTransactionHashesWithSpecificInputsOutputs()[pri:2, instance:testCases.TestCases@1c1bbc4e]" started-at="2025-01-03T23:34:46 IST" name="printTransactionHashesWithSpecificInputsOutputs" finished-at="2025-01-03T23:34:46 IST" duration-ms="529" status="PASS">
          <reporter-output>
          </reporter-output>
        </test-method> <!-- printTransactionHashesWithSpecificInputsOutputs -->
        <test-method is-config="true" signature="tearDown()[pri:0, instance:testCases.TestCases@1c1bbc4e]" started-at="2025-01-03T23:34:46 IST" name="tearDown" finished-at="2025-01-03T23:34:46 IST" duration-ms="156" status="PASS">
          <reporter-output>
          </reporter-output>
        </test-method> <!-- tearDown -->
      </class> <!-- testCases.TestCases -->
    </test> <!-- Default test -->
  </suite> <!-- Default suite -->
</testng-results>
