<?xml version="1.0" encoding="UTF-8"?>
<testng-results ignored="0" total="1" passed="1" failed="0" skipped="0">
  <reporter-output>
  </reporter-output>
  <suite started-at="2025-01-03T23:26:35 IST" name="Default suite" finished-at="2025-01-03T23:26:41 IST" duration-ms="5862">
    <groups>
    </groups>
    <test started-at="2025-01-03T23:26:35 IST" name="Default test" finished-at="2025-01-03T23:26:41 IST" duration-ms="5862">
      <class name="testCases.TestCase1">
        <test-method is-config="true" signature="setUp()[pri:0, instance:testCases.TestCase1@5dda768f]" started-at="2025-01-03T23:26:35 IST" name="setUp" finished-at="2025-01-03T23:26:40 IST" duration-ms="5130" status="PASS">
          <reporter-output>
          </reporter-output>
        </test-method> <!-- setUp -->
        <test-method signature="printTransactionHashesWithSpecificInputsOutputs()[pri:2, instance:testCases.TestCase1@5dda768f]" started-at="2025-01-03T23:26:40 IST" name="printTransactionHashesWithSpecificInputsOutputs" finished-at="2025-01-03T23:26:40 IST" duration-ms="522" status="PASS">
          <reporter-output>
          </reporter-output>
        </test-method> <!-- printTransactionHashesWithSpecificInputsOutputs -->
        <test-method is-config="true" signature="tearDown()[pri:0, instance:testCases.TestCase1@5dda768f]" started-at="2025-01-03T23:26:40 IST" name="tearDown" finished-at="2025-01-03T23:26:41 IST" duration-ms="174" status="PASS">
          <reporter-output>
          </reporter-output>
        </test-method> <!-- tearDown -->
      </class> <!-- testCases.TestCase1 -->
    </test> <!-- Default test -->
  </suite> <!-- Default suite -->
</testng-results>
