<?xml version="1.0" encoding="UTF-8"?>
<!-- Generated by org.testng.reporters.JUnitXMLReporter -->
<testsuite ignored="1" hostname="Animesh" failures="0" tests="1" name="Default test" time="5.862" errors="0" timestamp="2025-01-03T23:26:41 IST">
  <testcase classname="testCases.TestCase1" name="printTransactionHashesWithSpecificInputsOutputs" time="0.522"/>
  <testcase classname="testCases.TestCase1" name="validateTransactionHeading" time="0.0">
    <ignored/>
  </testcase> <!-- validateTransactionHeading -->
</testsuite> <!-- Default test -->
